<?xml version="1.0" encoding="UTF-8" ?>
<testsuite tests="16" failures="0" name="com.privalia.calculatorexample.integration.test.CalculatorIntegrationTest" time="0.018" errors="0" skipped="0">
  <properties>
[...]
</properties>
  <testcase classname="com.privalia.calculatorexample.integration.test.CalculatorIntegrationTest" name="testAdd(1, 2, 3) [0]" time="0.012"/>
  <testcase classname="com.privalia.calculatorexample.integration.test.CalculatorIntegrationTest" name="testAdd(-10, 30, 20) [1]" time="0.001"/>
  <testcase classname="com.privalia.calculatorexample.integration.test.CalculatorIntegrationTest" name="testAdd(15, -5, 10) [2]" time="0.001"/>
  <testcase classname="com.privalia.calculatorexample.integration.test.CalculatorIntegrationTest" name="testAdd(-5, -10, -15) [3]" time="0"/>
  <testcase classname="com.privalia.calculatorexample.integration.test.CalculatorIntegrationTest" name="testSubstract(2, 1, 1) [0]" time="0"/>
  <testcase classname="com.privalia.calculatorexample.integration.test.CalculatorIntegrationTest" name="testSubstract(10, 7, 3) [1]" time="0"/>
  <testcase classname="com.privalia.calculatorexample.integration.test.CalculatorIntegrationTest" name="testSubstract(-10, 15, -25) [2]" time="0"/>
  <testcase classname="com.privalia.calculatorexample.integration.test.CalculatorIntegrationTest" name="testSubstract(3, -1, 4) [3]" time="0.001"/>
  <testcase classname="com.privalia.calculatorexample.integration.test.CalculatorIntegrationTest" name="testDivide(2, 1, 2) [0]" time="0"/>
  <testcase classname="com.privalia.calculatorexample.integration.test.CalculatorIntegrationTest" name="testDivide(10, 5, 2) [1]" time="0"/>
  <testcase classname="com.privalia.calculatorexample.integration.test.CalculatorIntegrationTest" name="testDivide(-10, 2, -5) [2]" time="0.001"/>
  <testcase classname="com.privalia.calculatorexample.integration.test.CalculatorIntegrationTest" name="testDivide(2, 2, 1) [3]" time="0"/>
  <testcase classname="com.privalia.calculatorexample.integration.test.CalculatorIntegrationTest" name="testMultiply(2, 1, 2) [0]" time="0"/>
  <testcase classname="com.privalia.calculatorexample.integration.test.CalculatorIntegrationTest" name="testMultiply(10, -7, -70) [1]" time="0.002"/>
  <testcase classname="com.privalia.calculatorexample.integration.test.CalculatorIntegrationTest" name="testMultiply(-10, 15, -150) [2]" time="0"/>
  <testcase classname="com.privalia.calculatorexample.integration.test.CalculatorIntegrationTest" name="testMultiply(3, 10, 30) [3]" time="0"/>
</testsuite>